<?xml version="1.0" encoding="UTF-8"?>
<testsuite name="AppTest" tests="1" skipped="0" failures="0" errors="0" timestamp="2019-04-19T06:42:53" hostname="DESKTOP-REITGI8" time="0.003">
  <properties/>
  <testcase name="testAppHasAGreeting" classname="AppTest" time="0.003"/>
  <system-out><![CDATA[]]></system-out>
  <system-err><![CDATA[]]></system-err>
</testsuite>
